14-Apr-2020 22:32:19.067 INFO [main] org.apache.catalina.startup.VersionLoggerListener.log Server version name:   Apache Tomcat/8.5.51
14-Apr-2020 22:32:19.074 INFO [main] org.apache.catalina.startup.VersionLoggerListener.log Server built:          Mar 4 2020 23:03:11 UTC
14-Apr-2020 22:32:19.074 INFO [main] org.apache.catalina.startup.VersionLoggerListener.log Server version number: 8.5.51.0
14-Apr-2020 22:32:19.074 INFO [main] org.apache.catalina.startup.VersionLoggerListener.log OS Name:               Linux
14-Apr-2020 22:32:19.074 INFO [main] org.apache.catalina.startup.VersionLoggerListener.log OS Version:            4.14.171-105.231.amzn1.x86_64
14-Apr-2020 22:32:19.075 INFO [main] org.apache.catalina.startup.VersionLoggerListener.log Architecture:          amd64
14-Apr-2020 22:32:19.075 INFO [main] org.apache.catalina.startup.VersionLoggerListener.log Java Home:             /usr/lib/jvm/java-1.8.0-openjdk-1.8.0.242.b08-0.50.amzn1.x86_64/jre
14-Apr-2020 22:32:19.075 INFO [main] org.apache.catalina.startup.VersionLoggerListener.log JVM Version:           1.8.0_242-b08
14-Apr-2020 22:32:19.075 INFO [main] org.apache.catalina.startup.VersionLoggerListener.log JVM Vendor:            Oracle Corporation
14-Apr-2020 22:32:19.075 INFO [main] org.apache.catalina.startup.VersionLoggerListener.log CATALINA_BASE:         /usr/share/tomcat8
14-Apr-2020 22:32:19.075 INFO [main] org.apache.catalina.startup.VersionLoggerListener.log CATALINA_HOME:         /usr/share/tomcat8
14-Apr-2020 22:32:19.075 INFO [main] org.apache.catalina.core.AprLifecycleListener.lifecycleEvent The APR based Apache Tomcat Native library which allows optimal performance in production environments was not found on the java.library.path: [/usr/java/packages/lib/amd64:/usr/lib64:/lib64:/lib:/usr/lib]
14-Apr-2020 22:32:19.246 INFO [main] org.apache.coyote.AbstractProtocol.init Initializing ProtocolHandler ["http-nio-8080"]
14-Apr-2020 22:32:19.275 INFO [main] org.apache.tomcat.util.net.NioSelectorPool.getSharedSelector Using a shared selector for servlet write/read
14-Apr-2020 22:32:19.309 INFO [main] org.apache.catalina.startup.Catalina.load Initialization processed in 1178 ms
14-Apr-2020 22:32:19.369 INFO [main] org.apache.catalina.core.StandardService.startInternal Starting service [Catalina]
14-Apr-2020 22:32:19.371 INFO [main] org.apache.catalina.core.StandardEngine.startInternal Starting Servlet Engine: Apache Tomcat/8.5.51
14-Apr-2020 22:32:19.393 INFO [localhost-startStop-1] org.apache.catalina.startup.HostConfig.deployDirectory Deploying web application directory [/var/lib/tomcat8/webapps/ROOT]
14-Apr-2020 22:32:23.761 INFO [localhost-startStop-1] org.apache.jasper.servlet.TldScanner.scanJars At least one JAR was scanned for TLDs yet contained no TLDs. Enable debug logging for this logger for a complete list of JARs that were scanned but no TLDs were found in them. Skipping unneeded JARs during scanning can improve startup time and JSP compilation time.
14-Apr-2020 22:32:34.998 INFO [localhost-startStop-1] org.apache.catalina.startup.HostConfig.deployDirectory Deployment of web application directory [/var/lib/tomcat8/webapps/ROOT] has finished in [15,603] ms
14-Apr-2020 22:32:35.004 INFO [main] org.apache.coyote.AbstractProtocol.start Starting ProtocolHandler ["http-nio-8080"]
14-Apr-2020 22:32:35.035 INFO [main] org.apache.catalina.startup.Catalina.start Server startup in 15725 ms
14-Apr-2020 22:41:39.490 INFO [main] org.apache.catalina.core.StandardServer.await A valid shutdown command was received via the shutdown port. Stopping the Server instance.
14-Apr-2020 22:41:39.490 INFO [main] org.apache.coyote.AbstractProtocol.pause Pausing ProtocolHandler ["http-nio-8080"]
14-Apr-2020 22:41:39.500 INFO [main] org.apache.catalina.core.StandardService.stopInternal Stopping service [Catalina]
14-Apr-2020 22:41:39.591 WARNING [localhost-startStop-2] org.apache.catalina.loader.WebappClassLoaderBase.clearReferencesJdbc The web application [ROOT] registered the JDBC driver [org.h2.Driver] but failed to unregister it when the web application was stopped. To prevent a memory leak, the JDBC Driver has been forcibly unregistered.
14-Apr-2020 22:41:39.602 INFO [main] org.apache.coyote.AbstractProtocol.stop Stopping ProtocolHandler ["http-nio-8080"]
14-Apr-2020 22:41:39.604 INFO [main] org.apache.coyote.AbstractProtocol.destroy Destroying ProtocolHandler ["http-nio-8080"]
14-Apr-2020 22:41:43.661 INFO [main] org.apache.catalina.startup.VersionLoggerListener.log Server version name:   Apache Tomcat/8.5.51
14-Apr-2020 22:41:43.664 INFO [main] org.apache.catalina.startup.VersionLoggerListener.log Server built:          Mar 4 2020 23:03:11 UTC
14-Apr-2020 22:41:43.664 INFO [main] org.apache.catalina.startup.VersionLoggerListener.log Server version number: 8.5.51.0
14-Apr-2020 22:41:43.665 INFO [main] org.apache.catalina.startup.VersionLoggerListener.log OS Name:               Linux
14-Apr-2020 22:41:43.665 INFO [main] org.apache.catalina.startup.VersionLoggerListener.log OS Version:            4.14.171-105.231.amzn1.x86_64
14-Apr-2020 22:41:43.665 INFO [main] org.apache.catalina.startup.VersionLoggerListener.log Architecture:          amd64
14-Apr-2020 22:41:43.665 INFO [main] org.apache.catalina.startup.VersionLoggerListener.log Java Home:             /usr/lib/jvm/java-1.8.0-openjdk-1.8.0.242.b08-0.50.amzn1.x86_64/jre
14-Apr-2020 22:41:43.666 INFO [main] org.apache.catalina.startup.VersionLoggerListener.log JVM Version:           1.8.0_242-b08
14-Apr-2020 22:41:43.666 INFO [main] org.apache.catalina.startup.VersionLoggerListener.log JVM Vendor:            Oracle Corporation
14-Apr-2020 22:41:43.666 INFO [main] org.apache.catalina.startup.VersionLoggerListener.log CATALINA_BASE:         /usr/share/tomcat8
14-Apr-2020 22:41:43.666 INFO [main] org.apache.catalina.startup.VersionLoggerListener.log CATALINA_HOME:         /usr/share/tomcat8
14-Apr-2020 22:41:43.667 INFO [main] org.apache.catalina.core.AprLifecycleListener.lifecycleEvent The APR based Apache Tomcat Native library which allows optimal performance in production environments was not found on the java.library.path: [/usr/java/packages/lib/amd64:/usr/lib64:/lib64:/lib:/usr/lib]
14-Apr-2020 22:41:43.817 INFO [main] org.apache.coyote.AbstractProtocol.init Initializing ProtocolHandler ["http-nio-8080"]
14-Apr-2020 22:41:43.842 INFO [main] org.apache.tomcat.util.net.NioSelectorPool.getSharedSelector Using a shared selector for servlet write/read
14-Apr-2020 22:41:43.879 INFO [main] org.apache.catalina.startup.Catalina.load Initialization processed in 1258 ms
14-Apr-2020 22:41:43.941 INFO [main] org.apache.catalina.core.StandardService.startInternal Starting service [Catalina]
14-Apr-2020 22:41:43.942 INFO [main] org.apache.catalina.core.StandardEngine.startInternal Starting Servlet Engine: Apache Tomcat/8.5.51
14-Apr-2020 22:41:43.966 INFO [localhost-startStop-1] org.apache.catalina.startup.HostConfig.deployDirectory Deploying web application directory [/var/lib/tomcat8/webapps/ROOT]
14-Apr-2020 22:41:48.379 INFO [localhost-startStop-1] org.apache.jasper.servlet.TldScanner.scanJars At least one JAR was scanned for TLDs yet contained no TLDs. Enable debug logging for this logger for a complete list of JARs that were scanned but no TLDs were found in them. Skipping unneeded JARs during scanning can improve startup time and JSP compilation time.
14-Apr-2020 22:41:59.932 INFO [localhost-startStop-1] org.apache.catalina.startup.HostConfig.deployDirectory Deployment of web application directory [/var/lib/tomcat8/webapps/ROOT] has finished in [15,965] ms
14-Apr-2020 22:41:59.939 INFO [main] org.apache.coyote.AbstractProtocol.start Starting ProtocolHandler ["http-nio-8080"]
14-Apr-2020 22:41:59.969 INFO [main] org.apache.catalina.startup.Catalina.start Server startup in 16089 ms
