2020-04-14 22:31:44,588 P2766 [INFO] ************************************************************
2020-04-14 22:31:44,588 P2766 [INFO] ConfigSet _OnInstanceBoot
2020-04-14 22:31:44,593 P2766 [INFO] ++++++++++++++++++++++++++++++++++++++++++++++++++++++++++++
2020-04-14 22:31:44,593 P2766 [INFO] Config AWSEBBaseConfig
2020-04-14 22:31:44,595 P2766 [INFO] ============================================================
2020-04-14 22:31:44,595 P2766 [INFO] Command clearbackupfiles
2020-04-14 22:31:44,598 P2766 [INFO] Completed successfully.
2020-04-14 22:31:44,605 P2766 [INFO] ++++++++++++++++++++++++++++++++++++++++++++++++++++++++++++
2020-04-14 22:31:44,605 P2766 [INFO] Config AWSEBMessageOfTheDay
2020-04-14 22:31:44,606 P2766 [INFO] ============================================================
2020-04-14 22:31:44,606 P2766 [INFO] Command 01clearoriginal
2020-04-14 22:31:44,609 P2766 [INFO] Completed successfully.
2020-04-14 22:31:44,610 P2766 [INFO] ============================================================
2020-04-14 22:31:44,610 P2766 [INFO] Command 02createbanner
2020-04-14 22:31:44,613 P2766 [INFO] Completed successfully.
2020-04-14 22:31:44,614 P2766 [INFO] ============================================================
2020-04-14 22:31:44,614 P2766 [INFO] Command 03updatebanner
2020-04-14 22:31:44,625 P2766 [INFO] Completed successfully.
2020-04-14 22:31:44,633 P2766 [INFO] ++++++++++++++++++++++++++++++++++++++++++++++++++++++++++++
2020-04-14 22:31:44,633 P2766 [INFO] Config AWSEBULimitConfig
2020-04-14 22:31:44,634 P2766 [INFO] ============================================================
2020-04-14 22:31:44,634 P2766 [INFO] Command 00removebackup
2020-04-14 22:31:44,637 P2766 [INFO] Completed successfully.
2020-04-14 22:31:44,643 P2766 [INFO] ++++++++++++++++++++++++++++++++++++++++++++++++++++++++++++
2020-04-14 22:31:44,643 P2766 [INFO] Config AWSEBCfnHupEndpointOverride
2020-04-14 22:31:44,644 P2766 [INFO] ============================================================
2020-04-14 22:31:44,644 P2766 [INFO] Command clearbackupfiles
2020-04-14 22:31:44,646 P2766 [INFO] Completed successfully.
2020-04-14 22:31:44,652 P2766 [INFO] ++++++++++++++++++++++++++++++++++++++++++++++++++++++++++++
2020-04-14 22:31:44,652 P2766 [INFO] Config Infra-InstallContainerHooksPkg
2020-04-14 22:31:44,653 P2766 [INFO] ============================================================
2020-04-14 22:31:44,653 P2766 [INFO] Command 00mkdir
2020-04-14 22:31:44,656 P2766 [INFO] Completed successfully.
2020-04-14 22:31:44,656 P2766 [INFO] ============================================================
2020-04-14 22:31:44,656 P2766 [INFO] Command 01download_container_hooks
2020-04-14 22:31:44,690 P2766 [INFO] Completed successfully.
2020-04-14 22:31:44,690 P2766 [INFO] ============================================================
2020-04-14 22:31:44,690 P2766 [INFO] Command 02install_container_hooks
2020-04-14 22:31:44,698 P2766 [INFO] Completed successfully.
2020-04-14 22:31:44,699 P2766 [INFO] ============================================================
2020-04-14 22:31:44,699 P2766 [INFO] Command 03cleanup
2020-04-14 22:31:44,702 P2766 [INFO] Completed successfully.
2020-04-14 22:31:44,707 P2766 [INFO] ++++++++++++++++++++++++++++++++++++++++++++++++++++++++++++
2020-04-14 22:31:44,708 P2766 [INFO] Config Infra-WriteLeaderTestScript
2020-04-14 22:31:44,713 P2766 [INFO] ++++++++++++++++++++++++++++++++++++++++++++++++++++++++++++
2020-04-14 22:31:44,713 P2766 [INFO] Config Infra-WriteTailLogsConf
2020-04-14 22:31:44,718 P2766 [INFO] ++++++++++++++++++++++++++++++++++++++++++++++++++++++++++++
2020-04-14 22:31:44,718 P2766 [INFO] Config Infra-WriteSystemTailLogsConf
2020-04-14 22:31:44,723 P2766 [INFO] ++++++++++++++++++++++++++++++++++++++++++++++++++++++++++++
2020-04-14 22:31:44,724 P2766 [INFO] Config Infra-WriteBundleLogsConf
2020-04-14 22:31:44,729 P2766 [INFO] ++++++++++++++++++++++++++++++++++++++++++++++++++++++++++++
2020-04-14 22:31:44,729 P2766 [INFO] Config Infra-WritePublishLogsConf
2020-04-14 22:31:44,733 P2766 [INFO] ++++++++++++++++++++++++++++++++++++++++++++++++++++++++++++
2020-04-14 22:31:44,733 P2766 [INFO] Config Infra-WritePublishLogsCron
2020-04-14 22:32:11,571 P3153 [INFO] ************************************************************
2020-04-14 22:32:11,571 P3153 [INFO] ConfigSet Infra-EmbeddedPreBuild
2020-04-14 22:32:13,785 P3242 [INFO] ************************************************************
2020-04-14 22:32:13,785 P3242 [INFO] ConfigSet Infra-EmbeddedPostBuild
2020-04-14 22:41:36,817 P4009 [INFO] ************************************************************
2020-04-14 22:41:36,817 P4009 [INFO] ConfigSet Infra-EmbeddedPreBuild
2020-04-14 22:41:38,991 P4098 [INFO] ************************************************************
2020-04-14 22:41:38,992 P4098 [INFO] ConfigSet Infra-EmbeddedPostBuild
