[2020-04-14T22:31:42Z] Started EB User Data
+ SLEEP_TIME=10
+ SLEEP_TIME_MAX=3600
+ true
+ curl https://s3.dualstack.ap-south-1.amazonaws.com/elasticbeanstalk-env-resources-ap-south-1/stalks/eb_tomcat_4.0.1.202865.0_1585088816/lib/UserDataScript.sh
  % Total    % Received % Xferd  Average Speed   Time    Time     Time  Current
                                 Dload  Upload   Total   Spent    Left  Speed
  0     0    0     0    0     0      0      0 --:--:-- --:--:-- --:--:--     0100 12536  100 12536    0     0   298k      0 --:--:-- --:--:-- --:--:--  298k
+ RESULT=0
+ [[ 0 -ne 0 ]]
+ /bin/bash /tmp/ebbootstrap.sh https://s3.dualstack.ap-south-1.amazonaws.com/elasticbeanstalk-env-resources-ap-south-1/stalks/eb_tomcat_4.0.1.202865.0_1585088816/lib/aws-elasticbeanstalk-tools-1.20-1.noarch.rpm 'https://s3.dualstack.ap-south-1.amazonaws.com/elasticbeanstalk-env-resources-ap-south-1/stalks/eb_tomcat_4.0.1.202865.0_1585088816/lib/awseb-ruby-2.2.4-x86_64-20160503_1008.tar.gz https://s3.dualstack.ap-south-1.amazonaws.com/elasticbeanstalk-env-resources-ap-south-1/stalks/eb_tomcat_4.0.1.202865.0_1585088816/lib/basehooks.tar.gz' 'https://s3.dualstack.ap-south-1.amazonaws.com/elasticbeanstalk-env-resources-ap-south-1/stalks/eb_tomcat_4.0.1.202865.0_1585088816/lib/beanstalk-core-2.12.gem https://s3.dualstack.ap-south-1.amazonaws.com/elasticbeanstalk-env-resources-ap-south-1/stalks/eb_tomcat_4.0.1.202865.0_1585088816/lib/beanstalk-core-healthd-1.1.gem https://s3.dualstack.ap-south-1.amazonaws.com/elasticbeanstalk-env-resources-ap-south-1/stalks/eb_tomcat_4.0.1.202865.0_1585088816/lib/executor-1.2.gem' 'https://cloudformation-waitcondition-ap-south-1.s3.ap-south-1.amazonaws.com/arn%3Aaws%3Acloudformation%3Aap-south-1%3A439863013922%3Astack/awseb-e-xxy4z56gpx-stack/82ad8090-7e9f-11ea-9738-0695265dabc8/AWSEBInstanceLaunchWaitHandle?X-Amz-Algorithm=AWS4-HMAC-SHA256&X-Amz-Date=20200414T223017Z&X-Amz-SignedHeaders=host&X-Amz-Expires=86399&X-Amz-Credential=AKIAJ4TH4Y2KGKFL7R6A%2F20200414%2Fap-south-1%2Fs3%2Faws4_request&X-Amz-Signature=061ef43351032b760eef4de01a2a72be0a778aad478656cfa1eb37efff44aaf4' arn:aws:cloudformation:ap-south-1:439863013922:stack/awseb-e-xxy4z56gpx-stack/82ad8090-7e9f-11ea-9738-0695265dabc8 ap-south-1 eb308d7d16f1 447a2fef-5f62-49c8-a734-0cd870cd804d '' apache ''
[2020-04-14T22:31:42.187Z] Started EB Bootstrapping Script.
[2020-04-14T22:31:42.239Z] Received parameters:
 RPMS = https://s3.dualstack.ap-south-1.amazonaws.com/elasticbeanstalk-env-resources-ap-south-1/stalks/eb_tomcat_4.0.1.202865.0_1585088816/lib/aws-elasticbeanstalk-tools-1.20-1.noarch.rpm
 TARBALLS = https://s3.dualstack.ap-south-1.amazonaws.com/elasticbeanstalk-env-resources-ap-south-1/stalks/eb_tomcat_4.0.1.202865.0_1585088816/lib/awseb-ruby-2.2.4-x86_64-20160503_1008.tar.gz https://s3.dualstack.ap-south-1.amazonaws.com/elasticbeanstalk-env-resources-ap-south-1/stalks/eb_tomcat_4.0.1.202865.0_1585088816/lib/basehooks.tar.gz
 EB_GEMS = https://s3.dualstack.ap-south-1.amazonaws.com/elasticbeanstalk-env-resources-ap-south-1/stalks/eb_tomcat_4.0.1.202865.0_1585088816/lib/beanstalk-core-2.12.gem https://s3.dualstack.ap-south-1.amazonaws.com/elasticbeanstalk-env-resources-ap-south-1/stalks/eb_tomcat_4.0.1.202865.0_1585088816/lib/beanstalk-core-healthd-1.1.gem https://s3.dualstack.ap-south-1.amazonaws.com/elasticbeanstalk-env-resources-ap-south-1/stalks/eb_tomcat_4.0.1.202865.0_1585088816/lib/executor-1.2.gem
 SIGNAL_URL = https://cloudformation-waitcondition-ap-south-1.s3.ap-south-1.amazonaws.com/arn%3Aaws%3Acloudformation%3Aap-south-1%3A439863013922%3Astack/awseb-e-xxy4z56gpx-stack/82ad8090-7e9f-11ea-9738-0695265dabc8/AWSEBInstanceLaunchWaitHandle?X-Amz-Algorithm=AWS4-HMAC-SHA256&X-Amz-Date=20200414T223017Z&X-Amz-SignedHeaders=host&X-Amz-Expires=86399&X-Amz-Credential=AKIAJ4TH4Y2KGKFL7R6A%2F20200414%2Fap-south-1%2Fs3%2Faws4_request&X-Amz-Signature=061ef43351032b760eef4de01a2a72be0a778aad478656cfa1eb37efff44aaf4
 STACK_ID = arn:aws:cloudformation:ap-south-1:439863013922:stack/awseb-e-xxy4z56gpx-stack/82ad8090-7e9f-11ea-9738-0695265dabc8
 REGION = ap-south-1
 GUID = eb308d7d16f1
 HEALTHD_GROUP_ID = 447a2fef-5f62-49c8-a734-0cd870cd804d
 HEALTHD_ENDPOINT = 
 PROXY_SERVER = apache
 HEALTHD_PROXY_LOG_LOCATION =
[2020-04-14T22:31:42.245Z] Synchronizing network time in background.
[2020-04-14T22:31:42.296Z] yum repo has already been locked to eb308d7d16f1.
[2020-04-14T22:31:42.302Z] yum update has already been done.
Shutting down ntpd: [2020-04-14T22:31:42.377Z] Completed creating AWS EB users and groups.
[2020-04-14T22:31:42.379Z] Started executing install_rpms https://s3.dualstack.ap-south-1.amazonaws.com/elasticbeanstalk-env-resources-ap-south-1/stalks/eb_tomcat_4.0.1.202865.0_1585088816/lib/aws-elasticbeanstalk-tools-1.20-1.noarch.rpm.
[2020-04-14T22:31:42.381Z] Installing RPM: https://s3.dualstack.ap-south-1.amazonaws.com/elasticbeanstalk-env-resources-ap-south-1/stalks/eb_tomcat_4.0.1.202865.0_1585088816/lib/aws-elasticbeanstalk-tools-1.20-1.noarch.rpm.
[  OK  ]
[2020-04-14T22:31:42.499Z] aws-elasticbeanstalk-tools-1.20-1.noarch has already been installed. Skip installing.
[2020-04-14T22:31:42.506Z] Command Returned: 
[2020-04-14T22:31:42.511Z] Completed executing install_rpms.
[2020-04-14T22:31:42.517Z] Started executing install_tarballs https://s3.dualstack.ap-south-1.amazonaws.com/elasticbeanstalk-env-resources-ap-south-1/stalks/eb_tomcat_4.0.1.202865.0_1585088816/lib/awseb-ruby-2.2.4-x86_64-20160503_1008.tar.gz https://s3.dualstack.ap-south-1.amazonaws.com/elasticbeanstalk-env-resources-ap-south-1/stalks/eb_tomcat_4.0.1.202865.0_1585088816/lib/basehooks.tar.gz.
[2020-04-14T22:31:42.536Z] Installing tarball: https://s3.dualstack.ap-south-1.amazonaws.com/elasticbeanstalk-env-resources-ap-south-1/stalks/eb_tomcat_4.0.1.202865.0_1585088816/lib/awseb-ruby-2.2.4-x86_64-20160503_1008.tar.gz.
[2020-04-14T22:31:42.537Z] awseb-ruby-2.2.4-x86_64-20160503_1008.tar.gz has already been installed. Skip installing.
[2020-04-14T22:31:42.539Z] Installing tarball: https://s3.dualstack.ap-south-1.amazonaws.com/elasticbeanstalk-env-resources-ap-south-1/stalks/eb_tomcat_4.0.1.202865.0_1585088816/lib/basehooks.tar.gz.
[2020-04-14T22:31:42.605Z] Command Returned: 

2020-04-14 22:31:42 URL:https://s3.dualstack.ap-south-1.amazonaws.com/elasticbeanstalk-env-resources-ap-south-1/stalks/eb_tomcat_4.0.1.202865.0_1585088816/lib/basehooks.tar.gz [5885/5885] -> "/tmp/basehooks.tar.gz" [1]
[2020-04-14T22:31:42.620Z] Completed executing install_tarballs.
[2020-04-14T22:31:42.621Z] Started executing install_eb_gems https://s3.dualstack.ap-south-1.amazonaws.com/elasticbeanstalk-env-resources-ap-south-1/stalks/eb_tomcat_4.0.1.202865.0_1585088816/lib/beanstalk-core-2.12.gem https://s3.dualstack.ap-south-1.amazonaws.com/elasticbeanstalk-env-resources-ap-south-1/stalks/eb_tomcat_4.0.1.202865.0_1585088816/lib/beanstalk-core-healthd-1.1.gem https://s3.dualstack.ap-south-1.amazonaws.com/elasticbeanstalk-env-resources-ap-south-1/stalks/eb_tomcat_4.0.1.202865.0_1585088816/lib/executor-1.2.gem.
[2020-04-14T22:31:42.653Z] Installing EB Gem: https://s3.dualstack.ap-south-1.amazonaws.com/elasticbeanstalk-env-resources-ap-south-1/stalks/eb_tomcat_4.0.1.202865.0_1585088816/lib/beanstalk-core-2.12.gem.
[2020-04-14T22:31:43.169Z] beanstalk-core-2.12 has already been installed. Skip installing.
[2020-04-14T22:31:43.177Z] Installing EB Gem: https://s3.dualstack.ap-south-1.amazonaws.com/elasticbeanstalk-env-resources-ap-south-1/stalks/eb_tomcat_4.0.1.202865.0_1585088816/lib/beanstalk-core-healthd-1.1.gem.
[2020-04-14T22:31:43.358Z] beanstalk-core-healthd-1.1 has already been installed. Skip installing.
[2020-04-14T22:31:43.365Z] Installing EB Gem: https://s3.dualstack.ap-south-1.amazonaws.com/elasticbeanstalk-env-resources-ap-south-1/stalks/eb_tomcat_4.0.1.202865.0_1585088816/lib/executor-1.2.gem.
[2020-04-14T22:31:43.543Z] executor-1.2 has already been installed. Skip installing.
[2020-04-14T22:31:43.552Z] Command Returned: 
[2020-04-14T22:31:43.557Z] Completed executing install_eb_gems.
[2020-04-14T22:31:43.562Z] Starting healthd
initctl: Unknown instance: 
healthd start/running, process 2751
[2020-04-14T22:31:43.838Z] First init of instance.
[2020-04-14T22:31:43.849Z] Started executing cfn_init _OnInstanceBoot first_init.
[2020-04-14T22:31:43.860Z] Running cfn-init ConfigSet: _OnInstanceBoot.
[2020-04-14T22:31:44.752Z] Command Returned: 
[2020-04-14T22:31:44.757Z] Completed executing cfn_init.
[2020-04-14T22:31:44.841Z] Check whether controlled by launch workflow...
[2020-04-14T22:31:45.374Z] Worflow running.
[2020-04-14T22:31:45.380Z] Workflow controlled instance. Running container provisioning...
[2020-04-14T22:31:45.387Z] Started executing start_cfn_hup.
[2020-04-14T22:31:45.394Z] Starting cfn-hup.
[2020-04-14T22:31:45.404Z] Command Returned: cfn-hup start/running, process 2830
[2020-04-14T22:31:45.416Z] Completed executing start_cfn_hup.
[2020-04-14T22:31:45.425Z] Started executing run_eb_command { "api_version" : "1.0", "request_id": "0", "command_name": "CMD-PreInit" } .
[2020-04-14T22:31:45.443Z] Running EB Command: { "api_version" : "1.0", "request_id": "0", "command_name": "CMD-PreInit" } .
[2020-04-14T22:31:50.615Z] Command Returned: {"status":"SUCCESS","api_version":"1.0","results":[{"status":"SUCCESS","msg":"","returncode":0,"events":[]}]}
[2020-04-14T22:31:50.624Z] Completed executing run_eb_command.
[2020-04-14T22:31:50.630Z] Successfully bootstrapped instance.
[2020-04-14T22:31:50.729Z] Sending signal 0 to CFN wait condition https://cloudformation-waitcondition-ap-south-1.s3.ap-south-1.amazonaws.com/arn%3Aaws%3Acloudformation%3Aap-south-1%3A439863013922%3Astack/awseb-e-xxy4z56gpx-stack/82ad8090-7e9f-11ea-9738-0695265dabc8/AWSEBInstanceLaunchWaitHandle?X-Amz-Algorithm=AWS4-HMAC-SHA256&X-Amz-Date=20200414T223017Z&X-Amz-SignedHeaders=host&X-Amz-Expires=86399&X-Amz-Credential=AKIAJ4TH4Y2KGKFL7R6A%2F20200414%2Fap-south-1%2Fs3%2Faws4_request&X-Amz-Signature=061ef43351032b760eef4de01a2a72be0a778aad478656cfa1eb37efff44aaf4
CloudFormation signaled successfully with SUCCESS.
[2020-04-14T22:31:52.111Z] Tailing /var/log/eb-commandprocessor.log

******************* eb-commandprocessor taillog *******************
[2020-04-14T22:31:45.756Z] DEBUG [2840]  : Reading config file: /etc/elasticbeanstalk/.aws-eb-stack.properties
[2020-04-14T22:31:45.756Z] DEBUG [2840]  : Checking if the command processor should execute...
[2020-04-14T22:31:45.762Z] DEBUG [2840]  : Checking whether the command is applicable to instance (i-02958b133c9bba6cc)..
[2020-04-14T22:31:45.762Z] INFO  [2840]  : Command is applicable to this instance (i-02958b133c9bba6cc)..
[2020-04-14T22:31:45.762Z] DEBUG [2840]  : Checking if the received command stage is valid..
[2020-04-14T22:31:45.762Z] INFO  [2840]  : No stage_num in command. Valid stage..
[2020-04-14T22:31:45.762Z] INFO  [2840]  : Received command CMD-PreInit: {"api_version"=>"1.0", "request_id"=>"0", "command_name"=>"CMD-PreInit"}
[2020-04-14T22:31:45.762Z] INFO  [2840]  : Command processor should execute command.
[2020-04-14T22:31:45.762Z] DEBUG [2840]  : Storing current stage..
[2020-04-14T22:31:45.762Z] DEBUG [2840]  : Stage_num does not exist. Not saving null stage. Returning..
[2020-04-14T22:31:45.762Z] DEBUG [2840]  : Reading config file: /etc/elasticbeanstalk/.aws-eb-stack.properties
[2020-04-14T22:31:45.762Z] DEBUG [2840]  : Retrieving metadata for key: AWS::ElasticBeanstalk::Ext||_ContainerConfigFileContent||commands..
[2020-04-14T22:31:45.762Z] DEBUG [2840]  : Retrieving metadata for key: AWS::ElasticBeanstalk::Ext||_API||_Commands..
[2020-04-14T22:31:45.763Z] INFO  [2840]  : Found enabled addons: ["logpublish", "logstreaming"].
[2020-04-14T22:31:45.764Z] INFO  [2840]  : Updating Command definition of addon logpublish.
[2020-04-14T22:31:45.764Z] INFO  [2840]  : Updating Command definition of addon logstreaming.
[2020-04-14T22:31:45.764Z] DEBUG [2840]  : Refreshing metadata...
[2020-04-14T22:31:45.765Z] DEBUG [2840]  : Using cached environment metadata.
[2020-04-14T22:31:45.765Z] INFO  [2840]  : Recreated directory /opt/elasticbeanstalk/deploy/configuration/.
[2020-04-14T22:31:45.765Z] DEBUG [2840]  : Retrieving metadata for key: AWS::ElasticBeanstalk::Ext||_AppSourceUrlFileContent||url..
[2020-04-14T22:31:45.766Z] INFO  [2840]  : Created appsource url file at /opt/elasticbeanstalk/deploy/configuration/appsourceurl.
[2020-04-14T22:31:45.766Z] DEBUG [2840]  : Retrieving metadata for key: AWS::ElasticBeanstalk::Ext||_ContainerConfigFileContent..
[2020-04-14T22:31:45.767Z] INFO  [2840]  : Created container config file at /opt/elasticbeanstalk/deploy/configuration/containerconfiguration.
[2020-04-14T22:31:45.767Z] DEBUG [2840]  : Retrieving metadata for key: AWS::ElasticBeanstalk::Ext||_ContainerConfigFileContent||commands..
[2020-04-14T22:31:45.768Z] DEBUG [2840]  : Retrieving metadata for key: AWS::ElasticBeanstalk::Ext||_API||_Commands..
[2020-04-14T22:31:45.772Z] INFO  [2840]  : Found enabled addons: ["logpublish", "logstreaming"].
[2020-04-14T22:31:45.773Z] INFO  [2840]  : Updating Command definition of addon logpublish.
[2020-04-14T22:31:45.773Z] INFO  [2840]  : Updating Command definition of addon logstreaming.
[2020-04-14T22:31:45.773Z] DEBUG [2840]  : Retrieving metadata for key: AWS::CloudFormation::Init||Infra-WriteApplication2||files..
[2020-04-14T22:31:45.774Z] DEBUG [2840]  : Retrieving metadata for key: AWS::ElasticBeanstalk::Ext||ManifestFileS3Key..
[2020-04-14T22:31:46.027Z] INFO  [2840]  : Finding latest manifest from bucket 'elasticbeanstalk-ap-south-1-439863013922' with prefix 'resources/environments/e-xxy4z56gpx/_runtime/versions/manifest_'.
[2020-04-14T22:31:46.125Z] INFO  [2840]  : Found manifest with key 'resources/environments/e-xxy4z56gpx/_runtime/versions/manifest_1586903414139'.
[2020-04-14T22:31:46.149Z] INFO  [2840]  : Updated manifest cache: deployment ID 1 and serial 1.
[2020-04-14T22:31:46.149Z] DEBUG [2840]  : Loaded definition of Command CMD-PreInit.
[2020-04-14T22:31:46.149Z] INFO  [2840]  : Executing Initialization
[2020-04-14T22:31:46.149Z] INFO  [2840]  : Executing command: CMD-PreInit...
[2020-04-14T22:31:46.149Z] INFO  [2840]  : Executing command CMD-PreInit activities...
[2020-04-14T22:31:46.149Z] DEBUG [2840]  : Setting environment variables..
[2020-04-14T22:31:46.149Z] INFO  [2840]  : Running AddonsBefore for command CMD-PreInit...
[2020-04-14T22:31:48.414Z] DEBUG [2840]  : Running stages of Command CMD-PreInit from stage 0 to stage 0...
[2020-04-14T22:31:48.414Z] INFO  [2840]  : Running stage 0 of command CMD-PreInit...
[2020-04-14T22:31:48.414Z] DEBUG [2840]  : Loaded 2 actions for stage 0.
[2020-04-14T22:31:48.414Z] INFO  [2840]  : Running 1 of 2 actions: DownloadSourceBundle...
[2020-04-14T22:31:49.210Z] INFO  [2840]  : Running 2 of 2 actions: PreInitHook...
[2020-04-14T22:31:50.601Z] INFO  [2840]  : Running AddonsAfter for command CMD-PreInit...
[2020-04-14T22:31:50.601Z] INFO  [2840]  : Command CMD-PreInit succeeded!
[2020-04-14T22:31:50.601Z] INFO  [2840]  : Command processor returning results: 
{"status":"SUCCESS","api_version":"1.0","results":[{"status":"SUCCESS","msg":"","returncode":0,"events":[]}]}
******************* End of taillog *******************


[2020-04-14T22:31:52.139Z] Tailing /var/log/eb-activity.log

******************* eb-activity taillog *******************
  ++ /opt/elasticbeanstalk/bin/get-config container -k tomcat_version
  + TOMCAT_VERSION=8.5
  + '[' 8.5 == 8.5 ']'
  + TOMCAT_VERSION=8
  + TOMCAT_NAME=tomcat8
  + TOMCAT_HOME=/usr/share/tomcat8
  + TOMCAT_CONF_HOME=/etc/tomcat8
  + SET_LIMIT_SH=/etc/elasticbeanstalk/set-ulimit.sh
  + echo 'Patching Tomcat 8 startup scripts'
  Patching Tomcat 8 startup scripts
  + '[' -f /opt/elasticbeanstalk/containerfiles/tomcat-elasticbeanstalk ']'
  + echo 'Installing tomcat-elasticbeanstalk script'
  Installing tomcat-elasticbeanstalk script
  + /bin/mv /opt/elasticbeanstalk/containerfiles/tomcat-elasticbeanstalk /usr/sbin
  + /bin/chown root:root /usr/sbin/tomcat-elasticbeanstalk
  + /bin/chmod 755 /usr/sbin/tomcat-elasticbeanstalk
  + echo 'Fixing Tomcat 8 init.d script'
  Fixing Tomcat 8 init.d script
  + /bin/sed -i -e 's/\/usr\/sbin\/tomcat8/\/usr\/sbin\/tomcat-elasticbeanstalk/g' /etc/init.d/tomcat8
  + grep -q /etc/elasticbeanstalk/set-ulimit.sh
  + cat /etc/init.d/tomcat8
  + sed -i '/function start() {/a \ \ \ if [ -f /etc/elasticbeanstalk/set-ulimit.sh ]; then . /etc/elasticbeanstalk/set-ulimit.sh; fi' /etc/init.d/tomcat8
  + echo 'Adding X-Forwarded-Proto valve'
  Adding X-Forwarded-Proto valve
  + /bin/sed -i -e '/<\/Host>/ i\
      <Valve className="org.apache.catalina.valves.RemoteIpValve" protocolHeader="X-Forwarded-Proto" internalProxies="10\.\d+\.\d+\.\d+|192\.168\.\d+\.\d+|169\.254\.\d+\.\d+|127\.\d+\.\d+\.\d+|172\.(1[6-9]|2[0-9]|3[0-1])\.\d+\.\d+" \/>
  ' /etc/tomcat8/server.xml
  + echo 'Setting UTF-8 support'
  Setting UTF-8 support
  + grep -q 'Elastic Beanstalk' /etc/tomcat8/server.xml
  + sed -i '1 a\<!-- Elastic Beanstalk Maintained -->' /etc/tomcat8/server.xml
  + sed -i 's/<Connector port=\"8080\" protocol=\"HTTP\/1.1\"/&
               URIEncoding="UTF-8"/g' /etc/tomcat8/server.xml
  + ln -sf /usr/share/java/apache-commons-pool.jar /usr/share/tomcat8/lib/
[2020-04-14T22:31:50.502Z] INFO  [2840]  - [Initialization/PreInitStage0/PreInitHook/03processmgrsetup.sh] : Starting activity...
[2020-04-14T22:31:50.600Z] INFO  [2840]  - [Initialization/PreInitStage0/PreInitHook/03processmgrsetup.sh] : Completed activity. Result:
  ++ /opt/elasticbeanstalk/bin/get-config container -k tomcat_version
  + TOMCAT_VERSION=8.5
  + '[' 8.5 == 8.5 ']'
  + TOMCAT_VERSION=8
  + MONIT_TOMCAT_CONF=monit-tomcat8.conf
  + /bin/cp -f /opt/elasticbeanstalk/containerfiles/monit-tomcat8.conf /etc/monit.d/
  + chmod 0600 /etc/monit.d/monit-tomcat8.conf
[2020-04-14T22:31:50.600Z] INFO  [2840]  - [Initialization/PreInitStage0/PreInitHook] : Completed activity. Result:
  Successfully execute hooks in directory /opt/elasticbeanstalk/hooks/preinit.
[2020-04-14T22:31:50.601Z] INFO  [2840]  - [Initialization/PreInitStage0] : Completed activity. Result:
  Initialization - Command CMD-PreInit stage 0 completed
[2020-04-14T22:31:50.601Z] INFO  [2840]  - [Initialization/AddonsAfter] : Starting activity...
[2020-04-14T22:31:50.601Z] INFO  [2840]  - [Initialization/AddonsAfter] : Completed activity.
[2020-04-14T22:31:50.601Z] INFO  [2840]  - [Initialization] : Completed activity. Result:
  Initialization - Command CMD-PreInit succeeded
******************* End of taillog *******************


[2020-04-14T22:31:52.149Z] Tailing /var/log/eb-tools.log

******************* eb-tools taillog *******************
***eb-tools is not available yet.***
******************* End of taillog *******************


[2020-04-14T22:31:52.151Z] Tailing /var/log/eb-version-deployment.log

******************* eb-version-deployment taillog *******************
***eb-version-deployment is not available yet.***
******************* End of taillog *******************


[2020-04-14T22:31:52.163Z] Tailing /var/log/cfn-init.log

******************* cfn-init taillog *******************
2020-04-14 22:31:44,578 [INFO] -----------------------Starting build-----------------------
2020-04-14 22:31:44,585 [INFO] Running configSets: _OnInstanceBoot
2020-04-14 22:31:44,588 [INFO] Running configSet _OnInstanceBoot
2020-04-14 22:31:44,593 [INFO] Running config AWSEBBaseConfig
2020-04-14 22:31:44,599 [INFO] Command clearbackupfiles succeeded
2020-04-14 22:31:44,605 [INFO] Running config AWSEBMessageOfTheDay
2020-04-14 22:31:44,609 [INFO] Command 01clearoriginal succeeded
2020-04-14 22:31:44,614 [INFO] Command 02createbanner succeeded
2020-04-14 22:31:44,625 [INFO] Command 03updatebanner succeeded
2020-04-14 22:31:44,633 [INFO] Running config AWSEBULimitConfig
2020-04-14 22:31:44,637 [INFO] Command 00removebackup succeeded
2020-04-14 22:31:44,643 [INFO] Running config AWSEBCfnHupEndpointOverride
2020-04-14 22:31:44,647 [INFO] Command clearbackupfiles succeeded
2020-04-14 22:31:44,652 [INFO] Running config Infra-InstallContainerHooksPkg
2020-04-14 22:31:44,656 [INFO] Command 00mkdir succeeded
2020-04-14 22:31:44,690 [INFO] Command 01download_container_hooks succeeded
2020-04-14 22:31:44,699 [INFO] Command 02install_container_hooks succeeded
2020-04-14 22:31:44,702 [INFO] Command 03cleanup succeeded
2020-04-14 22:31:44,707 [INFO] Running config Infra-WriteLeaderTestScript
2020-04-14 22:31:44,713 [INFO] Running config Infra-WriteTailLogsConf
2020-04-14 22:31:44,718 [INFO] Running config Infra-WriteSystemTailLogsConf
2020-04-14 22:31:44,723 [INFO] Running config Infra-WriteBundleLogsConf
2020-04-14 22:31:44,729 [INFO] Running config Infra-WritePublishLogsConf
2020-04-14 22:31:44,733 [INFO] Running config Infra-WritePublishLogsCron
2020-04-14 22:31:44,734 [INFO] ConfigSets completed
2020-04-14 22:31:44,735 [INFO] -----------------------Build complete-----------------------
******************* End of taillog *******************


[2020-04-14T22:31:52.173Z] Tailing /var/log/cfn-hup.log

******************* cfn-hup taillog *******************
2020-04-14 22:31:45,964 [DEBUG] CloudFormation client initialized with endpoint https://cloudformation.ap-south-1.amazonaws.com
2020-04-14 22:31:45,965 [DEBUG] SQS client initialized with endpoint https://sqs.ap-south-1.amazonaws.com
2020-04-14 22:31:45,965 [DEBUG] CloudFormation client initialized with endpoint https://cloudformation.ap-south-1.amazonaws.com
2020-04-14 22:31:45,965 [DEBUG] Enabled single threading mode.
2020-04-14 22:31:45,965 [DEBUG] Creating /var/lib/cfn-hup/data
2020-04-14 22:31:45,974 [INFO] No umask value specified in config file. Using the default one: 022
2020-04-14 22:31:45,999 [DEBUG] Registering listener i-02958b133c9bba6cc for stack arn:aws:cloudformation:ap-south-1:439863013922:stack/awseb-e-xxy4z56gpx-stack/82ad8090-7e9f-11ea-9738-0695265dabc8
2020-04-14 22:31:46,365 [INFO] Refreshing listener credentials
2020-04-14 22:31:46,366 [DEBUG] Get listener credentials for listener i-02958b133c9bba6cc in stack arn:aws:cloudformation:ap-south-1:439863013922:stack/awseb-e-xxy4z56gpx-stack/82ad8090-7e9f-11ea-9738-0695265dabc8
2020-04-14 22:31:46,483 [INFO] Scheduling next credential refresh in 7200 seconds
2020-04-14 22:31:46,484 [DEBUG] Receiving messages for queue https://sqs.ap-south-1.amazonaws.com/033451322671/ac53f458c340f4e4782888fe16208f708e6eccfa6e787fa93a72b837005b1cb9
******************* End of taillog *******************


[2020-04-14T22:31:52.176Z] Completed EB Bootstrapping Script.
+ exit 0
14 Apr 22:31:53 ntpdate[2681]: adjust time server 49.207.184.110 offset -0.191557 sec
Starting ntpd: [  OK  ]
